<?xml version="1.0" encoding="UTF-8"?>
<!-- Generated by org.testng.reporters.JUnitReportReporter -->
<testsuite hostname="LAPTOP-O5QB53EQ" failures="0" tests="5" name="VerifyMethods.VerifyAll" time="1.166" errors="0" timestamp="2022-06-20T18:44:00 IST" skipped="1">
  <testcase classname="VerifyMethods.VerifyAll" name="TestPostMeth" time="1.097"/>
  <testcase classname="VerifyMethods.VerifyAll" name="TestPutMeth" time="0.027"/>
  <testcase classname="VerifyMethods.VerifyAll" name="TestGetMeth" time="0.032"/>
  <testcase classname="VerifyMethods.VerifyAll" name="TestSingleid" time="0.010"/>
  <testcase classname="VerifyMethods.VerifyAll" name="TestDelete">
    <skipped/>
  </testcase> <!-- TestDelete -->
</testsuite> <!-- VerifyMethods.VerifyAll -->
